
> snackabra@0.4.23 start
> npm run build && npm run watch


> snackabra@0.4.23 build
> tsc -p src/tsconfig.json && rollup -c > index.mjs && BROWSER=true rollup -c > browser.mjs


> snackabra@0.4.23 watch
> concurrently -k -p "[{name}]" -n "TypeScript, Pack" -c "yellow.bold,cyan.bold,green.bold,magenta.bold,white.bold"  "npm run watch-ts" "npm run nodemon"

[ Pack] 
[ Pack] > snackabra@0.4.23 nodemon
[ Pack] > nodemon --watch src snackabra.ts -L -e ts --ignore node_modules/ --exec "npm run build"
[ Pack] 
[TypeScript] 
[TypeScript] > snackabra@0.4.23 watch-ts
[TypeScript] > tsc -p src/tsconfig.json -w
[TypeScript] 
[ Pack] [33m[nodemon] 2.0.20[39m
[ Pack] [33m[nodemon] to restart at any time, enter `rs`[39m
[ Pack] [33m[nodemon] watching path(s): src/**/*[39m
[ Pack] [33m[nodemon] watching extensions: ts[39m
[ Pack] [32m[nodemon] starting `npm run build snackabra.ts`[39m
[TypeScript] c2:20:25 PM - Starting compilation in watch mode...
[TypeScript] 
[ Pack] 
[ Pack] > snackabra@0.4.23 build
[ Pack] > tsc -p src/tsconfig.json && rollup -c > index.mjs && BROWSER=true rollup -c > browser.mjs snackabra.ts
[ Pack] 
[TypeScript] 
[TypeScript] 2:20:25 PM - Found 0 errors. Watching for file changes.
[ Pack] [32m[nodemon] restarting due to changes...[39m
[ Pack] [32m[nodemon] restarting due to changes...[39m
[ Pack] [32m[nodemon] starting `npm run build snackabra.ts`[39m
[TypeScript] c2:20:26 PM - File change detected. Starting incremental compilation...
[TypeScript] 
[TypeScript] 
[TypeScript] 2:20:26 PM - Found 0 errors. Watching for file changes.
[ Pack] 
[ Pack] > snackabra@0.4.23 build
[ Pack] > tsc -p src/tsconfig.json && rollup -c > index.mjs && BROWSER=true rollup -c > browser.mjs snackabra.ts
[ Pack] 
[ Pack] [32m[nodemon] restarting due to changes...[39m
[ Pack] [32m[nodemon] restarting due to changes...[39m
[ Pack] [32m[nodemon] starting `npm run build snackabra.ts`[39m
[TypeScript] c2:20:27 PM - File change detected. Starting incremental compilation...
[TypeScript] 
[ Pack] 
[ Pack] > snackabra@0.4.23 build
[ Pack] > tsc -p src/tsconfig.json && rollup -c > index.mjs && BROWSER=true rollup -c > browser.mjs snackabra.ts
[ Pack] 
[TypeScript] 
[TypeScript] 2:20:27 PM - Found 0 errors. Watching for file changes.
[ Pack] [36m
[ Pack] [1msrc/main.js[22m → [1mstdout[22m...[39m
[ Pack] [32m[nodemon] restarting due to changes...[39m
[ Pack] [32m[nodemon] restarting due to changes...[39m
[ Pack] [32m[nodemon] starting `npm run build snackabra.ts`[39m
[TypeScript] c2:20:28 PM - File change detected. Starting incremental compilation...
[TypeScript] 
[TypeScript] 
[TypeScript] 2:20:28 PM - Found 0 errors. Watching for file changes.
[ Pack] 
[ Pack] > snackabra@0.4.23 build
[ Pack] > tsc -p src/tsconfig.json && rollup -c > index.mjs && BROWSER=true rollup -c > browser.mjs snackabra.ts
[ Pack] 
[ Pack] [32m[nodemon] restarting due to changes...[39m
[ Pack] [32m[nodemon] restarting due to changes...[39m
[ Pack] [32m[nodemon] starting `npm run build snackabra.ts`[39m
[ Pack] 
[ Pack] > snackabra@0.4.23 build
[ Pack] > tsc -p src/tsconfig.json && rollup -c > index.mjs && BROWSER=true rollup -c > browser.mjs snackabra.ts
[ Pack] 
[TypeScript] c2:20:30 PM - File change detected. Starting incremental compilation...
[TypeScript] 
[TypeScript] 
[TypeScript] 2:20:30 PM - Found 0 errors. Watching for file changes.
[ Pack] [32m[nodemon] restarting due to changes...[39m
[ Pack] [32m[nodemon] restarting due to changes...[39m
[ Pack] [32m[nodemon] starting `npm run build snackabra.ts`[39m
[ Pack] 
[ Pack] > snackabra@0.4.23 build
[ Pack] > tsc -p src/tsconfig.json && rollup -c > index.mjs && BROWSER=true rollup -c > browser.mjs snackabra.ts
[ Pack] 
[TypeScript] c2:20:31 PM - File change detected. Starting incremental compilation...
[TypeScript] 
[TypeScript] 
[TypeScript] 2:20:31 PM - Found 0 errors. Watching for file changes.
[ Pack] npm run nodemon exited with code SIGINT
--> Sending SIGTERM to other processes..
[TypeScript] npm run watch-ts exited with code SIGINT
